[2026-03-12 22:05:35,222] ERROR - First chance exception error System.InvalidCastException: Object must implement IConvertible.
   at System.Convert.ChangeType(Object value, Type conversionType, IFormatProvider provider)
Stacktrace :    at SimHubWPF.ErrorManagers.CurrentDomain_FirstChanceException(Object sender, FirstChanceExceptionEventArgs e)
   at System.Convert.ChangeType(Object value, Type conversionType, IFormatProvider provider)
   at System.Convert.ChangeType(Object value, Type conversionType)
   at K10MediaCoach.Plugin.Engine.TelemetrySnapshot.GetNorm[T](Object d, String propName) in y:\media-coach-simhub-plugin\simhub-plugin\plugin\K10MediaCoach.Plugin\Engine\TelemetrySnapshot.Capture.cs:line 148
   at K10MediaCoach.Plugin.Engine.TelemetrySnapshot.Capture(PluginManager pm, GameData& data) in y:\media-coach-simhub-plugin\simhub-plugin\plugin\K10MediaCoach.Plugin\Engine\TelemetrySnapshot.Capture.cs:line 69
   at K10MediaCoach.Plugin.Plugin.DataUpdate(PluginManager pluginManager, GameData& data) in y:\media-coach-simhub-plugin\simhub-plugin\plugin\K10MediaCoach.Plugin\Plugin.cs:line 206
   at SimHub.Plugins.PluginManager.<>c__DisplayClass295_1.<CoreUpdate>b__0()
   at SimHub.Plugins.PluginManager.ExecUpdate(PluginInstance plugin, Action a)
   at SimHub.Plugins.PluginManager.CoreUpdate(GameData data, Boolean async)
   at SimHub.Plugins.PluginManager.AsyncDataUpdateLoop()
   at System.Threading.ThreadHelper.ThreadStart_Context(Object state)
   at System.Threading.ExecutionContext.RunInternal(ExecutionContext executionContext, ContextCallback callback, Object state, Boolean preserveSyncCtx)
   at System.Threading.ExecutionContext.Run(ExecutionContext executionContext, ContextCallback callback, Object state, Boolean preserveSyncCtx)
   at System.Threading.ExecutionContext.Run(ExecutionContext executionContext, ContextCallback callback, Object state)
   at System.Threading.ThreadHelper.ThreadStart()

   [2026-03-12 22:07:58,096] ERROR - First chance exception error System.Net.Sockets.SocketException (0x80004005): A connection attempt failed because the connected party did not properly respond after a period of time, or established connection failed because connected host has failed to respond
   at System.Net.Sockets.Socket.ReceiveFrom(Byte[] buffer, Int32 offset, Int32 size, SocketFlags socketFlags, EndPoint& remoteEP)
Stacktrace :    at SimHubWPF.ErrorManagers.CurrentDomain_FirstChanceException(Object sender, FirstChanceExceptionEventArgs e)
   at System.Net.Sockets.Socket.ReceiveFrom(Byte[] buffer, Int32 offset, Int32 size, SocketFlags socketFlags, EndPoint& remoteEP)
   at System.Net.Sockets.UdpClient.Receive(IPEndPoint& remoteEP)
   at Govee.Models.GoveeMessage.Receive[T](UdpClient client)
   at Govee.GoveeDriver.DoScan()
   at System.Threading.ThreadHelper.ThreadStart_Context(Object state)
   at System.Threading.ExecutionContext.RunInternal(ExecutionContext executionContext, ContextCallback callback, Object state, Boolean preserveSyncCtx)
   at System.Threading.ExecutionContext.Run(ExecutionContext executionContext, ContextCallback callback, Object state, Boolean preserveSyncCtx)
   at System.Threading.ExecutionContext.Run(ExecutionContext executionContext, ContextCallback callback, Object state)
   at System.Threading.ThreadHelper.ThreadStart()